<?xml version="1.0" encoding="UTF-8"?>
<!-- Generated by org.testng.reporters.JUnitReportReporter -->
<testsuite skipped="0" hostname="classroom-PC" name="testng.Example2" tests="2" failures="0" timestamp="02 Oct 2019 07:05:32 GMT" time="0.024" errors="0">
  <testcase name="editLocation" time="0.003" classname="testng.Example2"/>
  <testcase name="addLocation" time="0.021" classname="testng.Example2"/>
</testsuite> <!-- testng.Example2 -->
