<?xml version="1.0" encoding="UTF-8"?>
<!-- Generated by org.testng.reporters.JUnitReportReporter -->
<testsuite skipped="0" hostname="classroom-PC" name="testng.Example3" tests="2" failures="0" timestamp="02 Oct 2019 07:05:32 GMT" time="0.013" errors="0">
  <testcase name="addCompany" time="0.009" classname="testng.Example3"/>
  <testcase name="editCompany" time="0.004" classname="testng.Example3"/>
</testsuite> <!-- testng.Example3 -->
